CRITICAL - 2024-02-29 15:36:48 --> Invalid file: hopeui/buku/menu_buku.php
#0 C:\xampp\htdocs\ukk\system\View\View.php(198): CodeIgniter\Exceptions\FrameworkException::forInvalidFile('hopeui/buku/men...')
#1 C:\xampp\htdocs\ukk\system\Common.php(1089): CodeIgniter\View\View->render('hopeui/buku/men...', Array, true)
#2 C:\xampp\htdocs\ukk\app\Controllers\Buku.php(27): view('hopeui/buku/men...', Array)
#3 C:\xampp\htdocs\ukk\system\CodeIgniter.php(832): App\Controllers\Buku->index()
#4 C:\xampp\htdocs\ukk\system\CodeIgniter.php(419): CodeIgniter\CodeIgniter->runController(Object(App\Controllers\Buku))
#5 C:\xampp\htdocs\ukk\system\CodeIgniter.php(326): CodeIgniter\CodeIgniter->handleRequest(NULL, Object(Config\Cache), false)
#6 C:\xampp\htdocs\ukk\public\index.php(37): CodeIgniter\CodeIgniter->run()
#7 C:\xampp\htdocs\ukk\system\Commands\Server\rewrite.php(43): require_once('C:\\xampp\\htdocs...')
#8 {main}
CRITICAL - 2024-02-29 15:39:39 --> Call to undefined method App\Models\M_buku::getBooksByCategory
#0 C:\xampp\htdocs\ukk\app\Controllers\Buku.php(60): CodeIgniter\Model->__call('getBooksByCateg...', Array)
#1 C:\xampp\htdocs\ukk\system\CodeIgniter.php(832): App\Controllers\Buku->view('2')
#2 C:\xampp\htdocs\ukk\system\CodeIgniter.php(419): CodeIgniter\CodeIgniter->runController(Object(App\Controllers\Buku))
#3 C:\xampp\htdocs\ukk\system\CodeIgniter.php(326): CodeIgniter\CodeIgniter->handleRequest(NULL, Object(Config\Cache), false)
#4 C:\xampp\htdocs\ukk\public\index.php(37): CodeIgniter\CodeIgniter->run()
#5 C:\xampp\htdocs\ukk\system\Commands\Server\rewrite.php(43): require_once('C:\\xampp\\htdocs...')
#6 {main}
ERROR - 2024-02-29 15:59:26 --> Table 'perpustakaan.log_activity' doesn't exist
CRITICAL - 2024-02-29 15:59:26 --> Call to a member function getResult() on bool
#0 C:\xampp\htdocs\ukk\app\Controllers\Log_activity.php(14): App\Models\M_log_activity->joinUser('log_activity', 'user', 'log_activity.Us...')
#1 C:\xampp\htdocs\ukk\system\CodeIgniter.php(832): App\Controllers\Log_activity->index()
#2 C:\xampp\htdocs\ukk\system\CodeIgniter.php(419): CodeIgniter\CodeIgniter->runController(Object(App\Controllers\Log_activity))
#3 C:\xampp\htdocs\ukk\system\CodeIgniter.php(326): CodeIgniter\CodeIgniter->handleRequest(NULL, Object(Config\Cache), false)
#4 C:\xampp\htdocs\ukk\public\index.php(37): CodeIgniter\CodeIgniter->run()
#5 C:\xampp\htdocs\ukk\system\Commands\Server\rewrite.php(43): require_once('C:\\xampp\\htdocs...')
#6 {main}
ERROR - 2024-02-29 16:00:08 --> Table 'perpustakaan.log_activity' doesn't exist
CRITICAL - 2024-02-29 16:00:08 --> Call to a member function getResult() on bool
#0 C:\xampp\htdocs\ukk\app\Controllers\Log_activity.php(14): App\Models\M_log_activity->joinUser('log_activity', 'user', 'log_activity.Us...')
#1 C:\xampp\htdocs\ukk\system\CodeIgniter.php(832): App\Controllers\Log_activity->index()
#2 C:\xampp\htdocs\ukk\system\CodeIgniter.php(419): CodeIgniter\CodeIgniter->runController(Object(App\Controllers\Log_activity))
#3 C:\xampp\htdocs\ukk\system\CodeIgniter.php(326): CodeIgniter\CodeIgniter->handleRequest(NULL, Object(Config\Cache), false)
#4 C:\xampp\htdocs\ukk\public\index.php(37): CodeIgniter\CodeIgniter->run()
#5 C:\xampp\htdocs\ukk\system\Commands\Server\rewrite.php(43): require_once('C:\\xampp\\htdocs...')
#6 {main}
ERROR - 2024-02-29 16:00:25 --> Table 'perpustakaan.log_activity' doesn't exist
CRITICAL - 2024-02-29 16:00:25 --> Call to a member function getResult() on bool
#0 C:\xampp\htdocs\ukk\app\Controllers\Log_activity.php(14): App\Models\M_log_activity->joinUser('log_activity', 'user', 'log_activity.Us...')
#1 C:\xampp\htdocs\ukk\system\CodeIgniter.php(832): App\Controllers\Log_activity->index()
#2 C:\xampp\htdocs\ukk\system\CodeIgniter.php(419): CodeIgniter\CodeIgniter->runController(Object(App\Controllers\Log_activity))
#3 C:\xampp\htdocs\ukk\system\CodeIgniter.php(326): CodeIgniter\CodeIgniter->handleRequest(NULL, Object(Config\Cache), false)
#4 C:\xampp\htdocs\ukk\public\index.php(37): CodeIgniter\CodeIgniter->run()
#5 C:\xampp\htdocs\ukk\system\Commands\Server\rewrite.php(43): require_once('C:\\xampp\\htdocs...')
#6 {main}
ERROR - 2024-02-29 16:01:09 --> Table 'perpustakaan.log_activity' doesn't exist
CRITICAL - 2024-02-29 16:01:09 --> Call to a member function getResult() on bool
#0 C:\xampp\htdocs\ukk\app\Controllers\Log_activity.php(14): App\Models\M_log_activity->joinUser('log_activity', 'user', 'log_activity.Us...')
#1 C:\xampp\htdocs\ukk\system\CodeIgniter.php(832): App\Controllers\Log_activity->index()
#2 C:\xampp\htdocs\ukk\system\CodeIgniter.php(419): CodeIgniter\CodeIgniter->runController(Object(App\Controllers\Log_activity))
#3 C:\xampp\htdocs\ukk\system\CodeIgniter.php(326): CodeIgniter\CodeIgniter->handleRequest(NULL, Object(Config\Cache), false)
#4 C:\xampp\htdocs\ukk\public\index.php(37): CodeIgniter\CodeIgniter->run()
#5 C:\xampp\htdocs\ukk\system\Commands\Server\rewrite.php(43): require_once('C:\\xampp\\htdocs...')
#6 {main}
ERROR - 2024-02-29 16:05:26 --> Unknown column 'peminjaman.stok_buku' in 'field list'
CRITICAL - 2024-02-29 16:05:26 --> Call to a member function getResult() on bool
#0 C:\xampp\htdocs\ukk\app\Controllers\Peminjaman.php(20): App\Models\M_buku->join4biasa()
#1 C:\xampp\htdocs\ukk\system\CodeIgniter.php(832): App\Controllers\Peminjaman->index()
#2 C:\xampp\htdocs\ukk\system\CodeIgniter.php(419): CodeIgniter\CodeIgniter->runController(Object(App\Controllers\Peminjaman))
#3 C:\xampp\htdocs\ukk\system\CodeIgniter.php(326): CodeIgniter\CodeIgniter->handleRequest(NULL, Object(Config\Cache), false)
#4 C:\xampp\htdocs\ukk\public\index.php(37): CodeIgniter\CodeIgniter->run()
#5 C:\xampp\htdocs\ukk\system\Commands\Server\rewrite.php(43): require_once('C:\\xampp\\htdocs...')
#6 {main}
ERROR - 2024-02-29 16:05:30 --> Unknown column 'peminjaman.stok_buku' in 'field list'
CRITICAL - 2024-02-29 16:05:30 --> Call to a member function getResult() on bool
#0 C:\xampp\htdocs\ukk\app\Controllers\Peminjaman.php(20): App\Models\M_buku->join4biasa()
#1 C:\xampp\htdocs\ukk\system\CodeIgniter.php(832): App\Controllers\Peminjaman->index()
#2 C:\xampp\htdocs\ukk\system\CodeIgniter.php(419): CodeIgniter\CodeIgniter->runController(Object(App\Controllers\Peminjaman))
#3 C:\xampp\htdocs\ukk\system\CodeIgniter.php(326): CodeIgniter\CodeIgniter->handleRequest(NULL, Object(Config\Cache), false)
#4 C:\xampp\htdocs\ukk\public\index.php(37): CodeIgniter\CodeIgniter->run()
#5 C:\xampp\htdocs\ukk\system\Commands\Server\rewrite.php(43): require_once('C:\\xampp\\htdocs...')
#6 {main}
ERROR - 2024-02-29 16:08:52 --> Unknown column 'peminjaman.stok_buku' in 'field list'
CRITICAL - 2024-02-29 16:08:52 --> Call to a member function getResult() on bool
#0 C:\xampp\htdocs\ukk\app\Controllers\Peminjaman_peminjam.php(19): App\Models\M_buku->join4user('4')
#1 C:\xampp\htdocs\ukk\system\CodeIgniter.php(832): App\Controllers\Peminjaman_peminjam->index()
#2 C:\xampp\htdocs\ukk\system\CodeIgniter.php(419): CodeIgniter\CodeIgniter->runController(Object(App\Controllers\Peminjaman_peminjam))
#3 C:\xampp\htdocs\ukk\system\CodeIgniter.php(326): CodeIgniter\CodeIgniter->handleRequest(NULL, Object(Config\Cache), false)
#4 C:\xampp\htdocs\ukk\public\index.php(37): CodeIgniter\CodeIgniter->run()
#5 C:\xampp\htdocs\ukk\system\Commands\Server\rewrite.php(43): require_once('C:\\xampp\\htdocs...')
#6 {main}
ERROR - 2024-02-29 16:08:56 --> Unknown column 'peminjaman.stok_buku' in 'field list'
CRITICAL - 2024-02-29 16:08:56 --> Call to a member function getResult() on bool
#0 C:\xampp\htdocs\ukk\app\Controllers\Peminjaman_peminjam.php(19): App\Models\M_buku->join4user('4')
#1 C:\xampp\htdocs\ukk\system\CodeIgniter.php(832): App\Controllers\Peminjaman_peminjam->index()
#2 C:\xampp\htdocs\ukk\system\CodeIgniter.php(419): CodeIgniter\CodeIgniter->runController(Object(App\Controllers\Peminjaman_peminjam))
#3 C:\xampp\htdocs\ukk\system\CodeIgniter.php(326): CodeIgniter\CodeIgniter->handleRequest(NULL, Object(Config\Cache), false)
#4 C:\xampp\htdocs\ukk\public\index.php(37): CodeIgniter\CodeIgniter->run()
#5 C:\xampp\htdocs\ukk\system\Commands\Server\rewrite.php(43): require_once('C:\\xampp\\htdocs...')
#6 {main}
ERROR - 2024-02-29 16:09:43 --> Unknown column 'peminjaman.stok_buku' in 'field list'
CRITICAL - 2024-02-29 16:09:43 --> Call to a member function getResult() on bool
#0 C:\xampp\htdocs\ukk\app\Controllers\Peminjaman_peminjam.php(19): App\Models\M_buku->join4user('4')
#1 C:\xampp\htdocs\ukk\system\CodeIgniter.php(832): App\Controllers\Peminjaman_peminjam->index()
#2 C:\xampp\htdocs\ukk\system\CodeIgniter.php(419): CodeIgniter\CodeIgniter->runController(Object(App\Controllers\Peminjaman_peminjam))
#3 C:\xampp\htdocs\ukk\system\CodeIgniter.php(326): CodeIgniter\CodeIgniter->handleRequest(NULL, Object(Config\Cache), false)
#4 C:\xampp\htdocs\ukk\public\index.php(37): CodeIgniter\CodeIgniter->run()
#5 C:\xampp\htdocs\ukk\system\Commands\Server\rewrite.php(43): require_once('C:\\xampp\\htdocs...')
#6 {main}
ERROR - 2024-02-29 16:10:19 --> Unknown column 'peminjaman.stok_buku' in 'field list'
CRITICAL - 2024-02-29 16:10:19 --> Call to a member function getResult() on bool
#0 C:\xampp\htdocs\ukk\app\Controllers\Peminjaman_peminjam.php(19): App\Models\M_buku->join4user('4')
#1 C:\xampp\htdocs\ukk\system\CodeIgniter.php(832): App\Controllers\Peminjaman_peminjam->index()
#2 C:\xampp\htdocs\ukk\system\CodeIgniter.php(419): CodeIgniter\CodeIgniter->runController(Object(App\Controllers\Peminjaman_peminjam))
#3 C:\xampp\htdocs\ukk\system\CodeIgniter.php(326): CodeIgniter\CodeIgniter->handleRequest(NULL, Object(Config\Cache), false)
#4 C:\xampp\htdocs\ukk\public\index.php(37): CodeIgniter\CodeIgniter->run()
#5 C:\xampp\htdocs\ukk\system\Commands\Server\rewrite.php(43): require_once('C:\\xampp\\htdocs...')
#6 {main}
ERROR - 2024-02-29 16:15:16 --> Table 'perpustakaan.log_activity' doesn't exist
CRITICAL - 2024-02-29 16:15:16 --> Call to a member function getResult() on bool
#0 C:\xampp\htdocs\ukk\app\Controllers\Log_activity.php(14): App\Models\M_log_activity->joinUser('log_activity', 'user', 'log_activity.Us...')
#1 C:\xampp\htdocs\ukk\system\CodeIgniter.php(832): App\Controllers\Log_activity->index()
#2 C:\xampp\htdocs\ukk\system\CodeIgniter.php(419): CodeIgniter\CodeIgniter->runController(Object(App\Controllers\Log_activity))
#3 C:\xampp\htdocs\ukk\system\CodeIgniter.php(326): CodeIgniter\CodeIgniter->handleRequest(NULL, Object(Config\Cache), false)
#4 C:\xampp\htdocs\ukk\public\index.php(37): CodeIgniter\CodeIgniter->run()
#5 C:\xampp\htdocs\ukk\system\Commands\Server\rewrite.php(43): require_once('C:\\xampp\\htdocs...')
#6 {main}
